<?xml version="1.0" encoding="utf-8"?><testsuites name="pytest tests"><testsuite name="pytest" errors="0" failures="0" skipped="0" tests="13" time="17.624" timestamp="2026-09-12T06:17:40.828465+00:00" hostname="agent-env-5e162a58-574f-4555-b26f-6614de77e442"><testcase classname="tests.test_shrimusic_backend" name="test_health_ok" time="0.150" /><testcase classname="tests.test_shrimusic_backend" name="test_auth_missing_header_returns_401" time="0.115" /><testcase classname="tests.test_shrimusic_backend" name="test_auth_invalid_token_returns_401" time="0.120" /><testcase classname="tests.test_shrimusic_backend" name="test_auth_me_returns_user" time="0.539" /><testcase classname="tests.test_shrimusic_backend" name="test_auth_register_new_and_duplicate" time="2.258" /><testcase classname="tests.test_shrimusic_backend" name="test_auth_sync_updates_name" time="1.719" /><testcase classname="tests.test_shrimusic_backend" name="test_provider_get_and_put" time="1.701" /><testcase classname="tests.test_shrimusic_backend" name="test_music_home_returns_tracks" time="1.789" /><testcase classname="tests.test_shrimusic_backend" name="test_music_search_arijit" time="0.544" /><testcase classname="tests.test_shrimusic_backend" name="test_music_stream_returns_url" time="1.193" /><testcase classname="tests.test_shrimusic_backend" name="test_library_liked_flow" time="3.358" /><testcase classname="tests.test_shrimusic_backend" name="test_library_history_flow" time="1.666" /><testcase classname="tests.test_shrimusic_backend" name="test_library_playlists_flow" time="2.157" /></testsuite></testsuites>